<?xml version="1.0" encoding="UTF-8"?>
<!-- Generated by org.testng.reporters.JUnitXMLReporter -->
<testsuite ignored="0" hostname="NOISUKHP" failures="1" tests="1" name="Test" time="77.426" errors="0" timestamp="2023-01-04T10:08:26 IST">
  <testcase classname="testController.TestController" name="TestCaseController" time="76.319">
    <failure type="java.lang.NullPointerException">
      <![CDATA[java.lang.NullPointerException
at excelReader.ExcelReader.getCellData(ExcelReader.java:64)
at testController.TestController.TestCaseController(TestController.java:73)
at java.base/java.util.ArrayList.forEach(ArrayList.java:1541)
... Removed 27 stack frames]]>
    </failure>
  </testcase> <!-- TestCaseController -->
</testsuite> <!-- Test -->
